<?xml version="1.0" encoding="UTF-8"?>
<!-- Generated by org.testng.reporters.JUnitXMLReporter -->
<testsuite hostname="DESKTOP-T7T5P6U" ignored="0" name="Command line test" tests="4" failures="0" timestamp="2020-01-04T16:40:11 IST" time="31.928" errors="0">
  <testcase name="login" time="31.076" classname="Hotstar.LoginTest"/>
  <testcase name="mobileNoLogin" time="0.001" classname="Hotstar.LoginTest"/>
  <testcase name="fbSignup" time="0.002" classname="Hotstar.SignupTest"/>
  <testcase name="mobileNoSignup" time="0.002" classname="Hotstar.SignupTest"/>
</testsuite> <!-- Command line test -->
