<?xml version="1.0" encoding="UTF-8"?>
<testng-results skipped="0" failed="0" ignored="0" total="4" passed="4">
  <reporter-output>
  </reporter-output>
  <suite name="Command line suite" duration-ms="31928" started-at="2020-01-04T16:39:32 IST" finished-at="2020-01-04T16:40:04 IST">
    <groups>
    </groups>
    <test name="Command line test" duration-ms="31928" started-at="2020-01-04T16:39:32 IST" finished-at="2020-01-04T16:40:04 IST">
      <class name="Hotstar.SignupTest">
        <test-method status="PASS" signature="fbSignup()[pri:0, instance:Hotstar.SignupTest@523884b2]" name="fbSignup" duration-ms="2" started-at="2020-01-04T16:40:04 IST" finished-at="2020-01-04T16:40:04 IST">
          <reporter-output>
          </reporter-output>
        </test-method> <!-- fbSignup -->
        <test-method status="PASS" signature="mobileNoSignup()[pri:0, instance:Hotstar.SignupTest@523884b2]" name="mobileNoSignup" duration-ms="2" started-at="2020-01-04T16:40:04 IST" finished-at="2020-01-04T16:40:04 IST">
          <reporter-output>
          </reporter-output>
        </test-method> <!-- mobileNoSignup -->
      </class> <!-- Hotstar.SignupTest -->
      <class name="Hotstar.LoginTest">
        <test-method status="PASS" signature="openURL()[pri:0, instance:Hotstar.LoginTest@4501b7af]" name="openURL" is-config="true" duration-ms="37224" started-at="2020-01-04T16:38:55 IST" finished-at="2020-01-04T16:39:32 IST">
          <reporter-output>
          </reporter-output>
        </test-method> <!-- openURL -->
        <test-method status="PASS" signature="login()[pri:0, instance:Hotstar.LoginTest@4501b7af]" name="login" duration-ms="31076" started-at="2020-01-04T16:39:33 IST" finished-at="2020-01-04T16:40:04 IST">
          <reporter-output>
          </reporter-output>
        </test-method> <!-- login -->
        <test-method status="PASS" signature="mobileNoLogin()[pri:0, instance:Hotstar.LoginTest@4501b7af]" name="mobileNoLogin" duration-ms="1" started-at="2020-01-04T16:40:04 IST" finished-at="2020-01-04T16:40:04 IST">
          <reporter-output>
          </reporter-output>
        </test-method> <!-- mobileNoLogin -->
        <test-method status="PASS" signature="tearDown()[pri:0, instance:Hotstar.LoginTest@4501b7af]" name="tearDown" is-config="true" duration-ms="5035" started-at="2020-01-04T16:40:13 IST" finished-at="2020-01-04T16:40:18 IST">
          <reporter-output>
          </reporter-output>
        </test-method> <!-- tearDown -->
      </class> <!-- Hotstar.LoginTest -->
    </test> <!-- Command line test -->
  </suite> <!-- Command line suite -->
</testng-results>
